<?xml version="1.0" encoding="UTF-8"?>
<testng-results ignored="0" total="1" passed="1" failed="0" skipped="0">
  <reporter-output>
  </reporter-output>
  <suite started-at="2024-02-26T01:01:42 IST" name="Default suite" finished-at="2024-02-26T01:02:16 IST" duration-ms="33932">
    <groups>
    </groups>
    <test started-at="2024-02-26T01:01:42 IST" name="Default test" finished-at="2024-02-26T01:02:16 IST" duration-ms="33932">
      <class name="com.mystore.TestScript.TC01_LeadsPageTest">
        <test-method is-config="true" signature="setup()[pri:0, instance:com.mystore.TestScript.TC01_LeadsPageTest@1ca3b418]" started-at="2024-02-26T01:01:42 IST" name="setup" finished-at="2024-02-26T01:01:58 IST" duration-ms="15830" status="PASS">
          <reporter-output>
          </reporter-output>
        </test-method> <!-- setup -->
        <test-method signature="creatlead()[pri:0, instance:com.mystore.TestScript.TC01_LeadsPageTest@1ca3b418]" started-at="2024-02-26T01:01:58 IST" name="creatlead" finished-at="2024-02-26T01:02:16 IST" duration-ms="18039" status="PASS">
          <reporter-output>
          </reporter-output>
        </test-method> <!-- creatlead -->
        <test-method is-config="true" signature="tearup()[pri:0, instance:com.mystore.TestScript.TC01_LeadsPageTest@1ca3b418]" started-at="2024-02-26T01:02:16 IST" name="tearup" finished-at="2024-02-26T01:02:16 IST" duration-ms="0" status="PASS">
          <reporter-output>
          </reporter-output>
        </test-method> <!-- tearup -->
      </class> <!-- com.mystore.TestScript.TC01_LeadsPageTest -->
    </test> <!-- Default test -->
  </suite> <!-- Default suite -->
</testng-results>
